<?xml version="1.0" encoding="utf-8"?><testsuites name="pytest tests"><testsuite name="pytest" errors="0" failures="1" skipped="0" tests="20" time="0.540" timestamp="2026-02-07T14:37:36.752876+00:00" hostname="agent-env-8bed2c88-e2a5-4104-84f8-7411d45bddc1"><testcase classname="tests.test_media_cta_validation.TestPromoCodeValidation" name="test_promo_code_valid" time="0.099" /><testcase classname="tests.test_media_cta_validation.TestPromoCodeValidation" name="test_invalid_promo_code" time="0.045" /><testcase classname="tests.test_media_cta_validation.TestReservationEligibility" name="test_eligibility_with_valid_code" time="0.043" /><testcase classname="tests.test_media_cta_validation.TestCoursesAPI" name="test_courses_list" time="0.037" /><testcase classname="tests.test_media_cta_validation.TestMessagesSyncWithMedia" name="test_sync_youtube_message" time="0.042" /><testcase classname="tests.test_media_cta_validation.TestMessagesSyncWithMedia" name="test_sync_drive_message" time="0.043" /><testcase classname="tests.test_media_cta_validation.TestMessagesSyncWithMedia" name="test_sync_cta_message" time="0.044" /><testcase classname="tests.test_media_cta_validation.TestMessagesSyncWithMedia" name="test_sync_with_timestamp" time="0.047" /><testcase classname="tests.test_media_cta_validation.TestMediaHandlerBackend" name="test_youtube_detection" time="0.000" /><testcase classname="tests.test_media_cta_validation.TestMediaHandlerBackend" name="test_youtube_short_url" time="0.000" /><testcase classname="tests.test_media_cta_validation.TestMediaHandlerBackend" name="test_youtube_embed_url" time="0.000" /><testcase classname="tests.test_media_cta_validation.TestMediaHandlerBackend" name="test_youtube_shorts_url" time="0.000" /><testcase classname="tests.test_media_cta_validation.TestMediaHandlerBackend" name="test_drive_file_detection" time="0.000" /><testcase classname="tests.test_media_cta_validation.TestMediaHandlerBackend" name="test_drive_open_url" time="0.000" /><testcase classname="tests.test_media_cta_validation.TestMediaHandlerBackend" name="test_direct_image_detection" time="0.000" /><testcase classname="tests.test_media_cta_validation.TestMediaHandlerBackend" name="test_extract_youtube_id_function" time="0.000" /><testcase classname="tests.test_media_cta_validation.TestMediaHandlerBackend" name="test_drive_to_direct_url_function" time="0.000" /><testcase classname="tests.test_media_cta_validation.TestMediaHandlerBackend" name="test_detect_media_in_text_function" time="0.000" /><testcase classname="tests.test_media_cta_validation.TestMediaHandlerBackend" name="test_is_media_url_function" time="0.000" /><testcase classname="tests.test_media_cta_validation.TestAPIHealth" name="test_api_health" time="0.035"><failure message="AssertionError: assert None == 'healthy'&#10; +  where None = &lt;built-in method get of dict object at 0xfe5084705b00&gt;('status')&#10; +    where &lt;built-in method get of dict object at 0xfe5084705b00&gt; = {'message': 'Afroboost API'}.get">tests/test_media_cta_validation.py:253: in test_api_health
    assert data.get("status") == "healthy"
E   AssertionError: assert None == 'healthy'
E    +  where None = &lt;built-in method get of dict object at 0xfe5084705b00&gt;('status')
E    +    where &lt;built-in method get of dict object at 0xfe5084705b00&gt; = {'message': 'Afroboost API'}.get</failure></testcase></testsuite></testsuites>