<?xml version="1.0" encoding="utf-8"?><testsuites name="pytest tests"><testsuite name="pytest" errors="0" failures="1" skipped="0" tests="14" time="4.856" timestamp="2026-01-21T12:51:24.113713+00:00" hostname="agent-env-d6ae9d04-47db-4394-a4a4-bdf16b47fce1"><testcase classname="tests.test_push_notifications.TestHealthCheck" name="test_health_check" time="0.107" /><testcase classname="tests.test_push_notifications.TestVAPIDKey" name="test_get_vapid_key_returns_public_key" time="0.034" /><testcase classname="tests.test_push_notifications.TestPushSubscription" name="test_subscribe_push_success" time="0.033" /><testcase classname="tests.test_push_notifications.TestPushSubscription" name="test_subscribe_push_missing_participant_id" time="0.034" /><testcase classname="tests.test_push_notifications.TestPushSubscription" name="test_subscribe_push_missing_subscription" time="0.033" /><testcase classname="tests.test_push_notifications.TestPushUnsubscribe" name="test_unsubscribe_push_success" time="0.042" /><testcase classname="tests.test_push_notifications.TestPushSend" name="test_send_push_with_email_fallback" time="0.056" /><testcase classname="tests.test_push_notifications.TestPushSend" name="test_send_push_missing_participant_id" time="0.035" /><testcase classname="tests.test_push_notifications.TestToggleAI" name="test_toggle_ai_mode" time="0.132" /><testcase classname="tests.test_push_notifications.TestToggleAI" name="test_toggle_ai_nonexistent_session" time="0.038" /><testcase classname="tests.test_push_notifications.TestAIResponseWithCoachNotification" name="test_ai_response_in_human_mode_notifies_coach" time="0.133" /><testcase classname="tests.test_push_notifications.TestAIResponseWithCoachNotification" name="test_ai_response_in_ai_mode_returns_response" time="3.907"><failure message="KeyError: 'message_saved'">tests/test_push_notifications.py:353: in test_ai_response_in_ai_mode_returns_response
    assert response_data["message_saved"] == True
           ^^^^^^^^^^^^^^^^^^^^^^^^^^^^^^
E   KeyError: 'message_saved'</failure></testcase><testcase classname="tests.test_push_notifications.TestExistingTestData" name="test_existing_participant_subscription" time="0.037" /><testcase classname="tests.test_push_notifications.TestExistingTestData" name="test_existing_session_toggle" time="0.135" /></testsuite></testsuites>