<?xml version="1.0" encoding="utf-8"?><testsuites name="pytest tests"><testsuite name="pytest" errors="0" failures="1" skipped="0" tests="17" time="0.427" timestamp="2026-02-06T08:43:42.840975+00:00" hostname="agent-env-c14d75f5-ad93-4850-9721-6e30f1dc0790"><testcase classname="backend.tests.test_iteration56_zero_flash.TestBackendAPIs" name="test_api_root_health" time="0.057" /><testcase classname="backend.tests.test_iteration56_zero_flash.TestBackendAPIs" name="test_courses_endpoint" time="0.046" /><testcase classname="backend.tests.test_iteration56_zero_flash.TestBackendAPIs" name="test_courses_have_location_field" time="0.041" /><testcase classname="backend.tests.test_iteration56_zero_flash.TestBackendAPIs" name="test_groups_join_endpoint_exists" time="0.040" /><testcase classname="backend.tests.test_iteration56_zero_flash.TestBackendAPIs" name="test_smart_entry_endpoint" time="0.057"><failure message="assert ('session_id' in {'chat_history': [{'content': 'Super test avec un emoji [emoji:fire.svg] et un lien https://afroboost.ch', 'created_at': '2026-01-29T19:51:45.093989+00:00', 'deleted_at': None, 'id': '39277de3-42cf-4d40-87d0-c15da0c3d393', ...}, {'content': 'Désolé, je suis uniquement programmé pour vous assister sur nos offres et formations. #x1F64F', 'created_at': '2026-01-29T19:51:46.060955+00:00', 'deleted_at': None, 'id': 'f2b66568-3ac0-4de2-a88d-675f3bc7eae6', ...}, {'content': 'Test emoji [emoji:fire.svg] et lien https://afroboost.ch', 'created_at': '2026-01-29T20:03:27.365348+00:00', 'deleted_at': None, 'id': 'dc867331-2149-47bc-a2b7-765af9f942a6', ...}, {'content': &quot;Désolé, je suis uniquement programmé pour vous assister sur nos offres et formations. #x1F64F\n\nSi tu as des questions sur nos cours ou nos produits, je suis là pour t'aider ! #x1F4AA - Coach Bassi&quot;, 'created_at': '2026-01-29T20:03:29.522378+00:00', 'deleted_at': None, 'id': '5f7b39fd-92e3-4708-9cab-8ec9594d8fe3', ...}, {'content': 'Test emoji [emoji:fire.svg] et texte normal', 'created_at': '2026-01-29T20:14:48.106194+00:00', 'deleted_at': None, 'id': '4774199f-a535-4208-83f6-62189d9a5759', ...}, {'content': &quot;Désolé, je suis uniquement programmé pour vous assister sur nos offres et formations. #x1F64F\n\nSi tu as des questions sur nos cours ou nos produits, je suis là pour t'aider ! #x1F4AA - Coach Bassi&quot;, 'created_at': '2026-01-29T20:14:49.181986+00:00', 'deleted_at': None, 'id': 'c9d5d8d2-ab89-41ed-8dbe-11f7ebfb9ff5', ...}, ...], 'is_returning': True, 'message': 'Ravi de te revoir, TestUser !', 'participant': {'created_at': '2026-01-21T12:44:57.310819+00:00', 'email': 'test@example.com', 'id': 'fc7f7b7e-5629-4e44-a8d6-bc1e1230754b', 'last_seen_at': '2026-02-06T08:43:43.140471+00:00', ...}, ...} or 'participant_id' in {'chat_history': [{'content': 'Super test avec un emoji [emoji:fire.svg] et un lien https://afroboost.ch', 'created_at': '2026-01-29T19:51:45.093989+00:00', 'deleted_at': None, 'id': '39277de3-42cf-4d40-87d0-c15da0c3d393', ...}, {'content': 'Désolé, je suis uniquement programmé pour vous assister sur nos offres et formations. #x1F64F', 'created_at': '2026-01-29T19:51:46.060955+00:00', 'deleted_at': None, 'id': 'f2b66568-3ac0-4de2-a88d-675f3bc7eae6', ...}, {'content': 'Test emoji [emoji:fire.svg] et lien https://afroboost.ch', 'created_at': '2026-01-29T20:03:27.365348+00:00', 'deleted_at': None, 'id': 'dc867331-2149-47bc-a2b7-765af9f942a6', ...}, {'content': &quot;Désolé, je suis uniquement programmé pour vous assister sur nos offres et formations. #x1F64F\n\nSi tu as des questions sur nos cours ou nos produits, je suis là pour t'aider ! #x1F4AA - Coach Bassi&quot;, 'created_at': '2026-01-29T20:03:29.522378+00:00', 'deleted_at': None, 'id': '5f7b39fd-92e3-4708-9cab-8ec9594d8fe3', ...}, {'content': 'Test emoji [emoji:fire.svg] et texte normal', 'created_at': '2026-01-29T20:14:48.106194+00:00', 'deleted_at': None, 'id': '4774199f-a535-4208-83f6-62189d9a5759', ...}, {'content': &quot;Désolé, je suis uniquement programmé pour vous assister sur nos offres et formations. #x1F64F\n\nSi tu as des questions sur nos cours ou nos produits, je suis là pour t'aider ! #x1F4AA - Coach Bassi&quot;, 'created_at': '2026-01-29T20:14:49.181986+00:00', 'deleted_at': None, 'id': 'c9d5d8d2-ab89-41ed-8dbe-11f7ebfb9ff5', ...}, ...], 'is_returning': True, 'message': 'Ravi de te revoir, TestUser !', 'participant': {'created_at': '2026-01-21T12:44:57.310819+00:00', 'email': 'test@example.com', 'id': 'fc7f7b7e-5629-4e44-a8d6-bc1e1230754b', 'last_seen_at': '2026-02-06T08:43:43.140471+00:00', ...}, ...} or 'id' in {'chat_history': [{'content': 'Super test avec un emoji [emoji:fire.svg] et un lien https://afroboost.ch', 'created_at': '2026-01-29T19:51:45.093989+00:00', 'deleted_at': None, 'id': '39277de3-42cf-4d40-87d0-c15da0c3d393', ...}, {'content': 'Désolé, je suis uniquement programmé pour vous assister sur nos offres et formations. #x1F64F', 'created_at': '2026-01-29T19:51:46.060955+00:00', 'deleted_at': None, 'id': 'f2b66568-3ac0-4de2-a88d-675f3bc7eae6', ...}, {'content': 'Test emoji [emoji:fire.svg] et lien https://afroboost.ch', 'created_at': '2026-01-29T20:03:27.365348+00:00', 'deleted_at': None, 'id': 'dc867331-2149-47bc-a2b7-765af9f942a6', ...}, {'content': &quot;Désolé, je suis uniquement programmé pour vous assister sur nos offres et formations. #x1F64F\n\nSi tu as des questions sur nos cours ou nos produits, je suis là pour t'aider ! #x1F4AA - Coach Bassi&quot;, 'created_at': '2026-01-29T20:03:29.522378+00:00', 'deleted_at': None, 'id': '5f7b39fd-92e3-4708-9cab-8ec9594d8fe3', ...}, {'content': 'Test emoji [emoji:fire.svg] et texte normal', 'created_at': '2026-01-29T20:14:48.106194+00:00', 'deleted_at': None, 'id': '4774199f-a535-4208-83f6-62189d9a5759', ...}, {'content': &quot;Désolé, je suis uniquement programmé pour vous assister sur nos offres et formations. #x1F64F\n\nSi tu as des questions sur nos cours ou nos produits, je suis là pour t'aider ! #x1F4AA - Coach Bassi&quot;, 'created_at': '2026-01-29T20:14:49.181986+00:00', 'deleted_at': None, 'id': 'c9d5d8d2-ab89-41ed-8dbe-11f7ebfb9ff5', ...}, ...], 'is_returning': True, 'message': 'Ravi de te revoir, TestUser !', 'participant': {'created_at': '2026-01-21T12:44:57.310819+00:00', 'email': 'test@example.com', 'id': 'fc7f7b7e-5629-4e44-a8d6-bc1e1230754b', 'last_seen_at': '2026-02-06T08:43:43.140471+00:00', ...}, ...})">backend/tests/test_iteration56_zero_flash.py:72: in test_smart_entry_endpoint
    assert 'session_id' in data or 'participant_id' in data or 'id' in data
E   assert ('session_id' in {'chat_history': [{'content': 'Super test avec un emoji [emoji:fire.svg] et un lien https://afroboost.ch', 'created_at': '2026-01-29T19:51:45.093989+00:00', 'deleted_at': None, 'id': '39277de3-42cf-4d40-87d0-c15da0c3d393', ...}, {'content': 'Désolé, je suis uniquement programmé pour vous assister sur nos offres et formations. #x1F64F', 'created_at': '2026-01-29T19:51:46.060955+00:00', 'deleted_at': None, 'id': 'f2b66568-3ac0-4de2-a88d-675f3bc7eae6', ...}, {'content': 'Test emoji [emoji:fire.svg] et lien https://afroboost.ch', 'created_at': '2026-01-29T20:03:27.365348+00:00', 'deleted_at': None, 'id': 'dc867331-2149-47bc-a2b7-765af9f942a6', ...}, {'content': "Désolé, je suis uniquement programmé pour vous assister sur nos offres et formations. #x1F64F\n\nSi tu as des questions sur nos cours ou nos produits, je suis là pour t'aider ! #x1F4AA - Coach Bassi", 'created_at': '2026-01-29T20:03:29.522378+00:00', 'deleted_at': None, 'id': '5f7b39fd-92e3-4708-9cab-8ec9594d8fe3', ...}, {'content': 'Test emoji [emoji:fire.svg] et texte normal', 'created_at': '2026-01-29T20:14:48.106194+00:00', 'deleted_at': None, 'id': '4774199f-a535-4208-83f6-62189d9a5759', ...}, {'content': "Désolé, je suis uniquement programmé pour vous assister sur nos offres et formations. #x1F64F\n\nSi tu as des questions sur nos cours ou nos produits, je suis là pour t'aider ! #x1F4AA - Coach Bassi", 'created_at': '2026-01-29T20:14:49.181986+00:00', 'deleted_at': None, 'id': 'c9d5d8d2-ab89-41ed-8dbe-11f7ebfb9ff5', ...}, ...], 'is_returning': True, 'message': 'Ravi de te revoir, TestUser !', 'participant': {'created_at': '2026-01-21T12:44:57.310819+00:00', 'email': 'test@example.com', 'id': 'fc7f7b7e-5629-4e44-a8d6-bc1e1230754b', 'last_seen_at': '2026-02-06T08:43:43.140471+00:00', ...}, ...} or 'participant_id' in {'chat_history': [{'content': 'Super test avec un emoji [emoji:fire.svg] et un lien https://afroboost.ch', 'created_at': '2026-01-29T19:51:45.093989+00:00', 'deleted_at': None, 'id': '39277de3-42cf-4d40-87d0-c15da0c3d393', ...}, {'content': 'Désolé, je suis uniquement programmé pour vous assister sur nos offres et formations. #x1F64F', 'created_at': '2026-01-29T19:51:46.060955+00:00', 'deleted_at': None, 'id': 'f2b66568-3ac0-4de2-a88d-675f3bc7eae6', ...}, {'content': 'Test emoji [emoji:fire.svg] et lien https://afroboost.ch', 'created_at': '2026-01-29T20:03:27.365348+00:00', 'deleted_at': None, 'id': 'dc867331-2149-47bc-a2b7-765af9f942a6', ...}, {'content': "Désolé, je suis uniquement programmé pour vous assister sur nos offres et formations. #x1F64F\n\nSi tu as des questions sur nos cours ou nos produits, je suis là pour t'aider ! #x1F4AA - Coach Bassi", 'created_at': '2026-01-29T20:03:29.522378+00:00', 'deleted_at': None, 'id': '5f7b39fd-92e3-4708-9cab-8ec9594d8fe3', ...}, {'content': 'Test emoji [emoji:fire.svg] et texte normal', 'created_at': '2026-01-29T20:14:48.106194+00:00', 'deleted_at': None, 'id': '4774199f-a535-4208-83f6-62189d9a5759', ...}, {'content': "Désolé, je suis uniquement programmé pour vous assister sur nos offres et formations. #x1F64F\n\nSi tu as des questions sur nos cours ou nos produits, je suis là pour t'aider ! #x1F4AA - Coach Bassi", 'created_at': '2026-01-29T20:14:49.181986+00:00', 'deleted_at': None, 'id': 'c9d5d8d2-ab89-41ed-8dbe-11f7ebfb9ff5', ...}, ...], 'is_returning': True, 'message': 'Ravi de te revoir, TestUser !', 'participant': {'created_at': '2026-01-21T12:44:57.310819+00:00', 'email': 'test@example.com', 'id': 'fc7f7b7e-5629-4e44-a8d6-bc1e1230754b', 'last_seen_at': '2026-02-06T08:43:43.140471+00:00', ...}, ...} or 'id' in {'chat_history': [{'content': 'Super test avec un emoji [emoji:fire.svg] et un lien https://afroboost.ch', 'created_at': '2026-01-29T19:51:45.093989+00:00', 'deleted_at': None, 'id': '39277de3-42cf-4d40-87d0-c15da0c3d393', ...}, {'content': 'Désolé, je suis uniquement programmé pour vous assister sur nos offres et formations. #x1F64F', 'created_at': '2026-01-29T19:51:46.060955+00:00', 'deleted_at': None, 'id': 'f2b66568-3ac0-4de2-a88d-675f3bc7eae6', ...}, {'content': 'Test emoji [emoji:fire.svg] et lien https://afroboost.ch', 'created_at': '2026-01-29T20:03:27.365348+00:00', 'deleted_at': None, 'id': 'dc867331-2149-47bc-a2b7-765af9f942a6', ...}, {'content': "Désolé, je suis uniquement programmé pour vous assister sur nos offres et formations. #x1F64F\n\nSi tu as des questions sur nos cours ou nos produits, je suis là pour t'aider ! #x1F4AA - Coach Bassi", 'created_at': '2026-01-29T20:03:29.522378+00:00', 'deleted_at': None, 'id': '5f7b39fd-92e3-4708-9cab-8ec9594d8fe3', ...}, {'content': 'Test emoji [emoji:fire.svg] et texte normal', 'created_at': '2026-01-29T20:14:48.106194+00:00', 'deleted_at': None, 'id': '4774199f-a535-4208-83f6-62189d9a5759', ...}, {'content': "Désolé, je suis uniquement programmé pour vous assister sur nos offres et formations. #x1F64F\n\nSi tu as des questions sur nos cours ou nos produits, je suis là pour t'aider ! #x1F4AA - Coach Bassi", 'created_at': '2026-01-29T20:14:49.181986+00:00', 'deleted_at': None, 'id': 'c9d5d8d2-ab89-41ed-8dbe-11f7ebfb9ff5', ...}, ...], 'is_returning': True, 'message': 'Ravi de te revoir, TestUser !', 'participant': {'created_at': '2026-01-21T12:44:57.310819+00:00', 'email': 'test@example.com', 'id': 'fc7f7b7e-5629-4e44-a8d6-bc1e1230754b', 'last_seen_at': '2026-02-06T08:43:43.140471+00:00', ...}, ...})</failure></testcase><testcase classname="backend.tests.test_iteration56_zero_flash.TestBackendAPIs" name="test_promo_code_validation" time="0.035" /><testcase classname="backend.tests.test_iteration56_zero_flash.TestBackendAPIs" name="test_active_conversations_endpoint" time="0.056" /><testcase classname="backend.tests.test_iteration56_zero_flash.TestFrontendCodeReview" name="test_chatwidget_zero_flash_implementation" time="0.001" /><testcase classname="backend.tests.test_iteration56_zero_flash.TestFrontendCodeReview" name="test_chatwidget_overflow_anchor" time="0.001" /><testcase classname="backend.tests.test_iteration56_zero_flash.TestFrontendCodeReview" name="test_chatwidget_safe_area_inset" time="0.001" /><testcase classname="backend.tests.test_iteration56_zero_flash.TestFrontendCodeReview" name="test_bookingpanel_french_date_formatting" time="0.001" /><testcase classname="backend.tests.test_iteration56_zero_flash.TestFrontendCodeReview" name="test_bookingpanel_location_fallback" time="0.001" /><testcase classname="backend.tests.test_iteration56_zero_flash.TestFrontendCodeReview" name="test_campaignmanager_close_button_44px" time="0.001" /><testcase classname="backend.tests.test_iteration56_zero_flash.TestFrontendCodeReview" name="test_campaignmanager_modal_max_height" time="0.000" /><testcase classname="backend.tests.test_iteration56_zero_flash.TestZeroFlashLogic" name="test_zero_flash_detection_before_render" time="0.001" /><testcase classname="backend.tests.test_iteration56_zero_flash.TestZeroFlashLogic" name="test_zero_flash_direct_chat_step" time="0.001" /><testcase classname="backend.tests.test_iteration56_zero_flash.TestZeroFlashLogic" name="test_zero_flash_auto_open" time="0.001" /></testsuite></testsuites>